\BOOKMARK [0][]{chapter.1}{1 Background}{}% 1
\BOOKMARK [1][]{section.1.1}{1.1 Chern-Simons Theory}{chapter.1}% 2
\BOOKMARK [2][]{subsection.1.1.1}{1.1.1 Chern-Simons-Maxwell Theory}{section.1.1}% 3
\BOOKMARK [2][]{subsection.1.1.2}{1.1.2 Chern-Simons Matter Theory}{section.1.1}% 4
\BOOKMARK [1][]{section.1.2}{1.2 Statistical Physics}{chapter.1}% 5
\BOOKMARK [2][]{subsection.1.2.1}{1.2.1 Functional Integral Representation of the Partition Function}{section.1.2}% 6
\BOOKMARK [2][]{subsection.1.2.2}{1.2.2 Grand Canonical Ensemble}{section.1.2}% 7
\BOOKMARK [3][]{subsubsection.1.2.2.1}{1.2.2.1 Chemical Potential for a Local Symmetry}{subsection.1.2.2}% 8
\BOOKMARK [2][]{subsection.1.2.3}{1.2.3 Physical Applications}{section.1.2}% 9
\BOOKMARK [3][]{subsubsection.1.2.3.1}{1.2.3.1 Landau-Fermi Liquid Theory}{subsection.1.2.3}% 10
\BOOKMARK [3][]{subsubsection.1.2.3.2}{1.2.3.2 Landau-Ginzburg Paradigm}{subsection.1.2.3}% 11
\BOOKMARK [3][]{subsubsection.1.2.3.3}{1.2.3.3 Fractional Quantum Hall Effect}{subsection.1.2.3}% 12
\BOOKMARK [1][]{section.1.3}{1.3 Vortices}{chapter.1}% 13
\BOOKMARK [2][]{subsection.1.3.1}{1.3.1 Global U\(1\) Vortex}{section.1.3}% 14
\BOOKMARK [2][]{subsection.1.3.2}{1.3.2 Local U\(1\) Vortex}{section.1.3}% 15
\BOOKMARK [2][]{subsection.1.3.3}{1.3.3 Particle-Vortex Duality}{section.1.3}% 16
\BOOKMARK [1][]{section.1.4}{1.4 Fermi-Bose Duality}{chapter.1}% 17
\BOOKMARK [1][]{section.1.5}{1.5 Non-Commutative Fluids}{chapter.1}% 18
\BOOKMARK [2][]{subsection.1.5.1}{1.5.1 Review of Non-Commutative Geometry}{section.1.5}% 19
\BOOKMARK [2][]{subsection.1.5.2}{1.5.2 Non-Commutative Field Theory}{section.1.5}% 20
\BOOKMARK [0][]{chapter.2}{2 Vortices in U\(2\) and SU\(2\) Chern-Simons scalar theories.}{}% 21
\BOOKMARK [1][]{section.2.1}{2.1 U\(2\) theory}{chapter.2}% 22
\BOOKMARK [1][]{section.2.2}{2.2 SU\(2\) theory}{chapter.2}% 23
\BOOKMARK [0][]{chapter*.6}{References}{}% 24
